# JRE version: Java(TM) SE Runtime Environment (25.0.3+9) (build 25.0.3+9-LTS-195)
# Java VM: Java HotSpot(TM) 64-Bit Server VM (25.0.3+9-LTS-195, mixed mode, sharing, tiered, compressed oops, compressed class ptrs, g1 gc, windows-amd64)
GC Precious Log:
 CardTable entry size: 512
 Card Set container configuration: InlinePtr #cards 4 size 8 Array Of Cards #cards 16 size 48 Howl #buckets 8 coarsen threshold 3686 Howl Bitmap #cards 512 size 80 coarsen threshold 460 Card regions per heap region 1 cards per card region 4096
 CPUs: 20 total, 20 available
 Memory: 16088M
 Large Page Support: Disabled
 NUMA Support: Disabled
 Compressed Oops: Enabled (Zero based)
 Heap Region Size: 2M
 Heap Min Capacity: 8M
 Heap Initial Capacity: 252M
 Heap Max Capacity: 4024M
 Pre-touch: Disabled
 Parallel Workers: 15
 Concurrent Workers: 4
 Concurrent Refinement Workers: 15
 Periodic GC: Disabled
Heap:
 garbage-first heap   total reserved 4120576K, committed 75776K, used 33229K [0x0000000704800000, 0x0000000800000000)
  region size 2048K, 5 young (10240K), 3 survivors (6144K)
GC Heap Usage History (20 events):
Event: 0.585 {heap Before GC invocations=0 (full 0):
 garbage-first heap   total reserved 4120576K, committed 260096K, used 48277K [0x0000000704800000, 0x0000000800000000)
  region size 2048K, 24 young (49152K), 0 survivors (0K)
}
Event: 0.590 {heap After GC invocations=1 (full 0):
 garbage-first heap   total reserved 4120576K, committed 260096K, used 9764K [0x0000000704800000, 0x0000000800000000)
  region size 2048K, 3 young (6144K), 3 survivors (6144K)
}
Event: 0.854 {heap Before GC invocations=1 (full 0):
 garbage-first heap   total reserved 4120576K, committed 260096K, used 52772K [0x0000000704800000, 0x0000000800000000)
  region size 2048K, 25 young (51200K), 3 survivors (6144K)
}
Event: 0.859 {heap After GC invocations=2 (full 0):
 garbage-first heap   total reserved 4120576K, committed 260096K, used 14404K [0x0000000704800000, 0x0000000800000000)
  region size 2048K, 6 young (12288K), 6 survivors (12288K)
}
Event: 1.435 {heap Before GC invocations=3 (full 0):
 garbage-first heap   total reserved 4120576K, committed 61440K, used 57412K [0x0000000704800000, 0x0000000800000000)
  region size 2048K, 27 young (55296K), 6 survivors (12288K)
}
Event: 1.443 {heap After GC invocations=4 (full 0):
 garbage-first heap   total reserved 4120576K, committed 75776K, used 17694K [0x0000000704800000, 0x0000000800000000)
  region size 2048K, 4 young (8192K), 4 survivors (8192K)
}
Event: 1.914 {heap Before GC invocations=4 (full 0):
 garbage-first heap   total reserved 4120576K, committed 75776K, used 50462K [0x0000000704800000, 0x0000000800000000)
  region size 2048K, 20 young (40960K), 4 survivors (8192K)
}
Event: 1.922 {heap After GC invocations=5 (full 0):
 garbage-first heap   total reserved 4120576K, committed 75776K, used 20321K [0x0000000704800000, 0x0000000800000000)
  region size 2048K, 2 young (4096K), 2 survivors (4096K)
}
Event: 2.126 {heap Before GC invocations=5 (full 0):
 garbage-first heap   total reserved 4120576K, committed 75776K, used 32609K [0x0000000704800000, 0x0000000800000000)
  region size 2048K, 9 young (18432K), 2 survivors (4096K)
}
Event: 2.128 {heap After GC invocations=6 (full 0):
 garbage-first heap   total reserved 4120576K, committed 75776K, used 20526K [0x0000000704800000, 0x0000000800000000)
  region size 2048K, 2 young (4096K), 2 survivors (4096K)
}
Event: 2.753 {heap Before GC invocations=7 (full 0):
 garbage-first heap   total reserved 4120576K, committed 75776K, used 55342K [0x0000000704800000, 0x0000000800000000)
  region size 2048K, 19 young (38912K), 2 survivors (4096K)
}
Event: 2.756 {heap After GC invocations=8 (full 0):
 garbage-first heap   total reserved 4120576K, committed 75776K, used 23457K [0x0000000704800000, 0x0000000800000000)
  region size 2048K, 3 young (6144K), 3 survivors (6144K)
}
Event: 3.171 {heap Before GC invocations=8 (full 0):
 garbage-first heap   total reserved 4120576K, committed 75776K, used 58273K [0x0000000704800000, 0x0000000800000000)
  region size 2048K, 20 young (40960K), 3 survivors (6144K)
}
Event: 3.174 {heap After GC invocations=9 (full 0):
 garbage-first heap   total reserved 4120576K, committed 75776K, used 25354K [0x0000000704800000, 0x0000000800000000)
  region size 2048K, 3 young (6144K), 3 survivors (6144K)
}
Event: 3.221 {heap Before GC invocations=9 (full 0):
 garbage-first heap   total reserved 4120576K, committed 75776K, used 29450K [0x0000000704800000, 0x0000000800000000)
  region size 2048K, 6 young (12288K), 3 survivors (6144K)
}
Event: 3.225 {heap After GC invocations=10 (full 0):
 garbage-first heap   total reserved 4120576K, committed 75776K, used 25958K [0x0000000704800000, 0x0000000800000000)
  region size 2048K, 2 young (4096K), 2 survivors (4096K)
}
Event: 3.631 {heap Before GC invocations=11 (full 0):
 garbage-first heap   total reserved 4120576K, committed 75776K, used 60774K [0x0000000704800000, 0x0000000800000000)
  region size 2048K, 20 young (40960K), 2 survivors (4096K)
}
Event: 3.634 {heap After GC invocations=12 (full 0):
 garbage-first heap   total reserved 4120576K, committed 75776K, used 28795K [0x0000000704800000, 0x0000000800000000)
  region size 2048K, 3 young (6144K), 3 survivors (6144K)
}
Event: 11.449 {heap Before GC invocations=12 (full 0):
 garbage-first heap   total reserved 4120576K, committed 75776K, used 61563K [0x0000000704800000, 0x0000000800000000)
  region size 2048K, 20 young (40960K), 3 survivors (6144K)
}
Event: 11.462 {heap After GC invocations=13 (full 0):
 garbage-first heap   total reserved 4120576K, committed 75776K, used 31181K [0x0000000704800000, 0x0000000800000000)
  region size 2048K, 3 young (6144K), 3 survivors (6144K)
}

