# JRE version: Java(TM) SE Runtime Environment (25.0.3+9) (build 25.0.3+9-LTS-195)
# Java VM: Java HotSpot(TM) 64-Bit Server VM (25.0.3+9-LTS-195, mixed mode, sharing, tiered, compressed oops, compressed class ptrs, g1 gc, windows-amd64)
GC Precious Log:
 CardTable entry size: 512
 Card Set container configuration: InlinePtr #cards 4 size 8 Array Of Cards #cards 16 size 48 Howl #buckets 8 coarsen threshold 3686 Howl Bitmap #cards 512 size 80 coarsen threshold 460 Card regions per heap region 1 cards per card region 4096
 CPUs: 20 total, 20 available
 Memory: 16088M
 Large Page Support: Disabled
 NUMA Support: Disabled
 Compressed Oops: Enabled (Zero based)
 Heap Region Size: 2M
 Heap Min Capacity: 8M
 Heap Initial Capacity: 252M
 Heap Max Capacity: 4024M
 Pre-touch: Disabled
 Parallel Workers: 15
 Concurrent Workers: 4
 Concurrent Refinement Workers: 15
 Periodic GC: Disabled
Heap:
 garbage-first heap   total reserved 4120576K, committed 71680K, used 55327K [0x0000000704800000, 0x0000000800000000)
  region size 2048K, 14 young (28672K), 0 survivors (0K)
GC Heap Usage History (20 events):
Event: 1.642 {heap Before GC invocations=3 (full 0):
 garbage-first heap   total reserved 4120576K, committed 55296K, used 53962K [0x0000000704800000, 0x0000000800000000)
  region size 2048K, 25 young (51200K), 6 survivors (12288K)
}
Event: 1.648 {heap After GC invocations=4 (full 0):
 garbage-first heap   total reserved 4120576K, committed 71680K, used 18090K [0x0000000704800000, 0x0000000800000000)
  region size 2048K, 4 young (8192K), 4 survivors (8192K)
}
Event: 2.108 {heap Before GC invocations=4 (full 0):
 garbage-first heap   total reserved 4120576K, committed 71680K, used 48810K [0x0000000704800000, 0x0000000800000000)
  region size 2048K, 19 young (38912K), 4 survivors (8192K)
}
Event: 2.115 {heap After GC invocations=5 (full 0):
 garbage-first heap   total reserved 4120576K, committed 71680K, used 20360K [0x0000000704800000, 0x0000000800000000)
  region size 2048K, 3 young (6144K), 3 survivors (6144K)
}
Event: 2.447 {heap Before GC invocations=5 (full 0):
 garbage-first heap   total reserved 4120576K, committed 71680K, used 36744K [0x0000000704800000, 0x0000000800000000)
  region size 2048K, 12 young (24576K), 3 survivors (6144K)
}
Event: 2.450 {heap After GC invocations=6 (full 0):
 garbage-first heap   total reserved 4120576K, committed 71680K, used 21505K [0x0000000704800000, 0x0000000800000000)
  region size 2048K, 2 young (4096K), 2 survivors (4096K)
}
Event: 3.126 {heap Before GC invocations=7 (full 0):
 garbage-first heap   total reserved 4120576K, committed 71680K, used 54273K [0x0000000704800000, 0x0000000800000000)
  region size 2048K, 18 young (36864K), 2 survivors (4096K)
}
Event: 3.130 {heap After GC invocations=8 (full 0):
 garbage-first heap   total reserved 4120576K, committed 71680K, used 24639K [0x0000000704800000, 0x0000000800000000)
  region size 2048K, 3 young (6144K), 3 survivors (6144K)
}
Event: 3.517 {heap Before GC invocations=8 (full 0):
 garbage-first heap   total reserved 4120576K, committed 71680K, used 53311K [0x0000000704800000, 0x0000000800000000)
  region size 2048K, 18 young (36864K), 3 survivors (6144K)
}
Event: 3.520 {heap After GC invocations=9 (full 0):
 garbage-first heap   total reserved 4120576K, committed 71680K, used 25984K [0x0000000704800000, 0x0000000800000000)
  region size 2048K, 3 young (6144K), 3 survivors (6144K)
}
Event: 3.653 {heap Before GC invocations=9 (full 0):
 garbage-first heap   total reserved 4120576K, committed 71680K, used 36224K [0x0000000704800000, 0x0000000800000000)
  region size 2048K, 9 young (18432K), 3 survivors (6144K)
}
Event: 3.656 {heap After GC invocations=10 (full 0):
 garbage-first heap   total reserved 4120576K, committed 71680K, used 26396K [0x0000000704800000, 0x0000000800000000)
  region size 2048K, 2 young (4096K), 2 survivors (4096K)
}
Event: 4.030 {heap Before GC invocations=11 (full 0):
 garbage-first heap   total reserved 4120576K, committed 71680K, used 59164K [0x0000000704800000, 0x0000000800000000)
  region size 2048K, 18 young (36864K), 2 survivors (4096K)
}
Event: 4.033 {heap After GC invocations=12 (full 0):
 garbage-first heap   total reserved 4120576K, committed 71680K, used 29085K [0x0000000704800000, 0x0000000800000000)
  region size 2048K, 3 young (6144K), 3 survivors (6144K)
}
Event: 7.496 {heap Before GC invocations=12 (full 0):
 garbage-first heap   total reserved 4120576K, committed 71680K, used 57757K [0x0000000704800000, 0x0000000800000000)
  region size 2048K, 18 young (36864K), 3 survivors (6144K)
}
Event: 7.536 {heap After GC invocations=13 (full 0):
 garbage-first heap   total reserved 4120576K, committed 71680K, used 30799K [0x0000000704800000, 0x0000000800000000)
  region size 2048K, 3 young (6144K), 3 survivors (6144K)
}
Event: 226.440 {heap Before GC invocations=13 (full 0):
 garbage-first heap   total reserved 4120576K, committed 71680K, used 59471K [0x0000000704800000, 0x0000000800000000)
  region size 2048K, 18 young (36864K), 3 survivors (6144K)
}
Event: 226.457 {heap After GC invocations=14 (full 0):
 garbage-first heap   total reserved 4120576K, committed 71680K, used 33619K [0x0000000704800000, 0x0000000800000000)
  region size 2048K, 3 young (6144K), 3 survivors (6144K)
}
Event: 270.757 {heap Before GC invocations=14 (full 0):
 garbage-first heap   total reserved 4120576K, committed 71680K, used 35667K [0x0000000704800000, 0x0000000800000000)
  region size 2048K, 5 young (10240K), 3 survivors (6144K)
}
Event: 270.842 {heap After GC invocations=15 (full 1):
 garbage-first heap   total reserved 4120576K, committed 71680K, used 28703K [0x0000000704800000, 0x0000000800000000)
  region size 2048K, 0 young (0K), 0 survivors (0K)
}

