# JRE version: Java(TM) SE Runtime Environment (25.0.3+9) (build 25.0.3+9-LTS-195)
# Java VM: Java HotSpot(TM) 64-Bit Server VM (25.0.3+9-LTS-195, mixed mode, tiered, compressed oops, compressed class ptrs, g1 gc, windows-amd64)
GC Precious Log:
 CardTable entry size: 512
 Card Set container configuration: InlinePtr #cards 4 size 8 Array Of Cards #cards 16 size 48 Howl #buckets 8 coarsen threshold 3686 Howl Bitmap #cards 512 size 80 coarsen threshold 460 Card regions per heap region 1 cards per card region 4096
 CPUs: 20 total, 20 available
 Memory: 16088M
 Large Page Support: Disabled
 NUMA Support: Disabled
 Compressed Oops: Enabled (Zero based)
 Heap Region Size: 2M
 Heap Min Capacity: 8M
 Heap Initial Capacity: 252M
 Heap Max Capacity: 4024M
 Pre-touch: Disabled
 Parallel Workers: 15
 Concurrent Workers: 4
 Concurrent Refinement Workers: 15
 Periodic GC: Disabled
Heap:
 garbage-first heap   total reserved 4120576K, committed 51200K, used 39073K [0x0000000704800000, 0x0000000800000000)
  region size 2048K, 12 young (24576K), 2 survivors (4096K)
GC Heap Usage History (16 events):
Event: 6.074 {heap Before GC invocations=0 (full 0):
 garbage-first heap   total reserved 4120576K, committed 258048K, used 49152K [0x0000000704800000, 0x0000000800000000)
  region size 2048K, 24 young (49152K), 0 survivors (0K)
}
Event: 6.101 {heap After GC invocations=1 (full 0):
 garbage-first heap   total reserved 4120576K, committed 258048K, used 8852K [0x0000000704800000, 0x0000000800000000)
  region size 2048K, 3 young (6144K), 3 survivors (6144K)
}
Event: 6.163 {heap Before GC invocations=1 (full 0):
 garbage-first heap   total reserved 4120576K, committed 258048K, used 10900K [0x0000000704800000, 0x0000000800000000)
  region size 2048K, 5 young (10240K), 3 survivors (6144K)
}
Event: 6.172 {heap After GC invocations=2 (full 0):
 garbage-first heap   total reserved 4120576K, committed 258048K, used 9464K [0x0000000704800000, 0x0000000800000000)
  region size 2048K, 4 young (8192K), 4 survivors (8192K)
}
Event: 6.597 {heap Before GC invocations=3 (full 0):
 garbage-first heap   total reserved 4120576K, committed 40960K, used 38136K [0x0000000704800000, 0x0000000800000000)
  region size 2048K, 18 young (36864K), 4 survivors (8192K)
}
Event: 6.603 {heap After GC invocations=4 (full 0):
 garbage-first heap   total reserved 4120576K, committed 51200K, used 11878K [0x0000000704800000, 0x0000000800000000)
  region size 2048K, 5 young (10240K), 5 survivors (10240K)
}
Event: 6.888 {heap Before GC invocations=4 (full 0):
 garbage-first heap   total reserved 4120576K, committed 51200K, used 32358K [0x0000000704800000, 0x0000000800000000)
  region size 2048K, 15 young (30720K), 5 survivors (10240K)
}
Event: 6.894 {heap After GC invocations=5 (full 0):
 garbage-first heap   total reserved 4120576K, committed 51200K, used 14618K [0x0000000704800000, 0x0000000800000000)
  region size 2048K, 2 young (4096K), 2 survivors (4096K)
}
Event: 7.641 {heap Before GC invocations=5 (full 0):
 garbage-first heap   total reserved 4120576K, committed 51200K, used 35098K [0x0000000704800000, 0x0000000800000000)
  region size 2048K, 12 young (24576K), 2 survivors (4096K)
}
Event: 7.647 {heap After GC invocations=6 (full 0):
 garbage-first heap   total reserved 4120576K, committed 51200K, used 16155K [0x0000000704800000, 0x0000000800000000)
  region size 2048K, 2 young (4096K), 2 survivors (4096K)
}
Event: 8.067 {heap Before GC invocations=6 (full 0):
 garbage-first heap   total reserved 4120576K, committed 51200K, used 24347K [0x0000000704800000, 0x0000000800000000)
  region size 2048K, 7 young (14336K), 2 survivors (4096K)
}
Event: 8.071 {heap After GC invocations=7 (full 0):
 garbage-first heap   total reserved 4120576K, committed 51200K, used 16784K [0x0000000704800000, 0x0000000800000000)
  region size 2048K, 2 young (4096K), 2 survivors (4096K)
}
Event: 8.737 {heap Before GC invocations=8 (full 0):
 garbage-first heap   total reserved 4120576K, committed 51200K, used 37264K [0x0000000704800000, 0x0000000800000000)
  region size 2048K, 12 young (24576K), 2 survivors (4096K)
}
Event: 8.741 {heap After GC invocations=9 (full 0):
 garbage-first heap   total reserved 4120576K, committed 51200K, used 18710K [0x0000000704800000, 0x0000000800000000)
  region size 2048K, 2 young (4096K), 2 survivors (4096K)
}
Event: 9.518 {heap Before GC invocations=9 (full 0):
 garbage-first heap   total reserved 4120576K, committed 51200K, used 37142K [0x0000000704800000, 0x0000000800000000)
  region size 2048K, 12 young (24576K), 2 survivors (4096K)
}
Event: 9.523 {heap After GC invocations=10 (full 0):
 garbage-first heap   total reserved 4120576K, committed 51200K, used 20641K [0x0000000704800000, 0x0000000800000000)
  region size 2048K, 2 young (4096K), 2 survivors (4096K)
}

